Unity Editor version:    2020.3.18f1 (a7d1c678663c)
Branch:                  2020.3/staging
Build type:              Release
Batch mode:              YES
macOS version:           Version 11.6 (Build 20G165)
Darwin version:          20.6.0
Architecture:            x86_64
Running under Rosetta:   NO
Available memory:        16384 MB
Using pre-set license
Pro License: NO

COMMAND LINE ARGUMENTS:
/Applications/Unity/2020.3.18f1/Unity.app/Contents/MacOS/Unity
-adb2
-batchMode
-noUpm
-name
AssetImportWorker0
-projectPath
/Users/miatang/Desktop/Fall_21/Exp-Game/As-One-Salmon/As One (new control)
-logFile
Logs/AssetImportWorker0.log
-srvPort
54882
Successfully changed project path to: /Users/miatang/Desktop/Fall_21/Exp-Game/As-One-Salmon/As One (new control)
/Users/miatang/Desktop/Fall_21/Exp-Game/As-One-Salmon/As One (new control)
Using Asset Import Pipeline V2.
Refreshing native plugins compatible for Editor in 41.24 ms, found 2 plugins.
Preloading 0 native plugins for Editor in 0.00 ms.
Initialize engine version: 2020.3.18f1 (a7d1c678663c)
[Subsystems] Discovering subsystems at path /Applications/Unity/2020.3.18f1/Unity.app/Contents/Resources/UnitySubsystems
[Subsystems] Discovering subsystems at path /Users/miatang/Desktop/Fall_21/Exp-Game/As-One-Salmon/As One (new control)/Assets
GfxDevice: creating device client; threaded=0
2021-10-15 10:26:24.263 Unity[6316:125665] Color LCD preferred device: Intel(R) Iris(TM) Plus Graphics 655 (low power)
2021-10-15 10:26:24.263 Unity[6316:125665] Metal devices available: 1
2021-10-15 10:26:24.263 Unity[6316:125665] 0: Intel(R) Iris(TM) Plus Graphics 655 (low power)
2021-10-15 10:26:24.264 Unity[6316:125665] Using device Intel(R) Iris(TM) Plus Graphics 655 (low power)
Initializing Metal device caps: Intel(R) Iris(TM) Plus Graphics 655
Initialize mono
Mono path[0] = '/Applications/Unity/2020.3.18f1/Unity.app/Contents/Managed'
Mono path[1] = '/Applications/Unity/2020.3.18f1/Unity.app/Contents/MonoBleedingEdge/lib/mono/unityjit'
Mono config path = '/Applications/Unity/2020.3.18f1/Unity.app/Contents/MonoBleedingEdge/etc'
Using monoOptions --debugger-agent=transport=dt_socket,embedding=1,server=y,suspend=n,address=127.0.0.1:56316
Begin MonoManager ReloadAssembly
Registering precompiled unity dll's ...
Register platform support module: /Applications/Unity/2020.3.18f1/PlaybackEngines/WebGLSupport/UnityEditor.WebGL.Extensions.dll
Register platform support module: /Applications/Unity/2020.3.18f1/Unity.app/Contents/PlaybackEngines/MacStandaloneSupport/UnityEditor.OSXStandalone.Extensions.dll
Register platform support module: /Applications/Unity/2020.3.18f1/PlaybackEngines/WindowsStandaloneSupport/UnityEditor.WindowsStandalone.Extensions.dll
Registered in 0.003094 seconds.
Native extension for WindowsStandalone target not found
Native extension for OSXStandalone target not found
Native extension for WebGL target not found
Refreshing native plugins compatible for Editor in 41.17 ms, found 2 plugins.
Preloading 0 native plugins for Editor in 0.00 ms.
Mono: successfully reloaded assembly
- Completed reload, in  4.417 seconds
Domain Reload Profiling:
	ReloadAssembly (4418ms)
		BeginReloadAssembly (59ms)
			ExecutionOrderSort (0ms)
			DisableScriptedObjects (0ms)
			BackupInstance (0ms)
			ReleaseScriptingObjects (0ms)
			CreateAndSetChildDomain (1ms)
		EndReloadAssembly (719ms)
			LoadAssemblies (60ms)
			RebuildTransferFunctionScriptingTraits (0ms)
			SetupTypeCache (291ms)
			ReleaseScriptCaches (0ms)
			RebuildScriptCaches (59ms)
			SetupLoadedEditorAssemblies (279ms)
				LogAssemblyErrors (0ms)
				InitializePlatformSupportModulesInManaged (7ms)
				SetLoadedEditorAssemblies (1ms)
				RefreshPlugins (41ms)
				BeforeProcessingInitializeOnLoad (14ms)
				ProcessInitializeOnLoadAttributes (160ms)
				ProcessInitializeOnLoadMethodAttributes (56ms)
				AfterProcessingInitializeOnLoad (0ms)
				EditorAssembliesLoaded (0ms)
			ExecutionOrderSort2 (0ms)
			AwakeInstancesAfterBackupRestoration (0ms)
Platform modules already initialized, skipping
Registering precompiled user dll's ...
Registered in 0.004388 seconds.
Begin MonoManager ReloadAssembly
Native extension for WindowsStandalone target not found
Native extension for OSXStandalone target not found
Native extension for WebGL target not found
Refreshing native plugins compatible for Editor in 0.53 ms, found 2 plugins.
Preloading 0 native plugins for Editor in 0.00 ms.
Mono: successfully reloaded assembly
- Completed reload, in  1.660 seconds
Domain Reload Profiling:
	ReloadAssembly (1662ms)
		BeginReloadAssembly (241ms)
			ExecutionOrderSort (0ms)
			DisableScriptedObjects (10ms)
			BackupInstance (0ms)
			ReleaseScriptingObjects (0ms)
			CreateAndSetChildDomain (46ms)
		EndReloadAssembly (1301ms)
			LoadAssemblies (131ms)
			RebuildTransferFunctionScriptingTraits (0ms)
			SetupTypeCache (468ms)
			ReleaseScriptCaches (1ms)
			RebuildScriptCaches (70ms)
			SetupLoadedEditorAssemblies (468ms)
				LogAssemblyErrors (0ms)
				InitializePlatformSupportModulesInManaged (10ms)
				SetLoadedEditorAssemblies (1ms)
				RefreshPlugins (1ms)
				BeforeProcessingInitializeOnLoad (85ms)
				ProcessInitializeOnLoadAttributes (363ms)
				ProcessInitializeOnLoadMethodAttributes (7ms)
				AfterProcessingInitializeOnLoad (3ms)
				EditorAssembliesLoaded (0ms)
			ExecutionOrderSort2 (0ms)
			AwakeInstancesAfterBackupRestoration (14ms)
Platform modules already initialized, skipping
Validating Project structure ... 0.000181 seconds.
Shader import version has changed; will reimport all shaders...
Upgrading shader files ...0.000225 seconds.
Application.AssetDatabase Initial Script Refresh Start
RefreshInfo: InitialScriptRefreshV2(NoUpdateAssetOptions) scanfilter:  ... 1 filters
RefreshProfiler: Total: 0.000ms
Application.AssetDatabase Initial Script Refresh End
Application.AssetDatabase.Refresh Start
Application.AssetDatabase.Refresh End
RefreshInfo: StopAssetImportingV2(ForceSynchronousImport) scanfilter: 
RefreshProfiler: Total: 0.000ms
Launching external process: /Applications/Unity/2020.3.18f1/Unity.app/Contents/Tools/UnityShaderCompiler
Launched and connected shader compiler UnityShaderCompiler after 0.02 seconds
Initializing Unity extensions:
========================================================================
Worker process is ready to serve import requests
Refreshing native plugins compatible for Editor in 0.43 ms, found 2 plugins.
Preloading 0 native plugins for Editor in 0.00 ms.
Unloading 1397 Unused Serialized files (Serialized files now loaded: 0)
System memory in use before: 162.8 MB.
System memory in use after: 162.0 MB.

Unloading 77 unused Assets to reduce memory usage. Loaded Objects now: 1871.
Total: 3.772965 ms (FindLiveObjects: 0.163489 ms CreateObjectMapping: 0.090528 ms MarkObjects: 3.000988 ms  DeleteObjects: 0.516506 ms)

AssetImportParameters requested are different than current active one (requested -> active):
  custom:video-decoder-ogg-theora: a1e56fd34408186e4bbccfd4996cb3dc -> 
  custom:container-muxer-webm: aa71ff27fc2769a1b78a27578f13a17b -> 
  custom:container-demuxer-webm: 4f35f7cbe854078d1ac9338744f61a02 -> 
  custom:container-demuxer-ogg: 62fdf1f143b41e24485cea50d1cbac27 -> 
  custom:video-encoder-webm-vp8: eb34c28f22e8b96e1ab97ce403110664 -> 
  custom:framework-osx-AVFoundation: e770b220cccbd017edd2c1fefb359320 -> 
  custom:video-decoder-webm-vp8: 9c59270c3fd7afecdb556c50c9e8de78 -> 
  custom:audio-decoder-ogg-vorbis: bf7c407c2cedff20999df2af8eb42d56 -> 
  custom:audio-encoder-webm-vorbis: bf7c407c2cedff20999df2af8eb42d56 -> 
========================================================================
Received Import Request.
  path: Assets
  artifactKey: Guid(00000000000000001000000000000000) Importer(815301076,1909f56bfc062723c751e8b465ee728b)
Start importing Assets using Guid(00000000000000001000000000000000) Importer(815301076,1909f56bfc062723c751e8b465ee728b)  -> (artifact id: '42d402b061de3733987d63b9cc3b64de') in 0.003743 seconds 
  Import took 0.007288 seconds .

========================================================================
Received Import Request.
  Time since last request: 10.153286 seconds.
  path: Assets/Paolo Control
  artifactKey: Guid(8d0876c81be9b4dea82bec692e05701a) Importer(815301076,1909f56bfc062723c751e8b465ee728b)
Start importing Assets/Paolo Control using Guid(8d0876c81be9b4dea82bec692e05701a) Importer(815301076,1909f56bfc062723c751e8b465ee728b)  -> (artifact id: '3a2640714524ebe749232e3724e7c6a3') in 0.002508 seconds 
  Import took 0.006072 seconds .

========================================================================
Received Prepare
Registering precompiled user dll's ...
Registered in 0.002519 seconds.
Begin MonoManager ReloadAssembly
Native extension for WindowsStandalone target not found
Native extension for OSXStandalone target not found
Native extension for WebGL target not found
Refreshing native plugins compatible for Editor in 0.35 ms, found 2 plugins.
Preloading 0 native plugins for Editor in 0.00 ms.
Mono: successfully reloaded assembly
- Completed reload, in  1.471 seconds
Domain Reload Profiling:
	ReloadAssembly (1472ms)
		BeginReloadAssembly (171ms)
			ExecutionOrderSort (0ms)
			DisableScriptedObjects (8ms)
			BackupInstance (0ms)
			ReleaseScriptingObjects (0ms)
			CreateAndSetChildDomain (87ms)
		EndReloadAssembly (1207ms)
			LoadAssemblies (102ms)
			RebuildTransferFunctionScriptingTraits (0ms)
			SetupTypeCache (446ms)
			ReleaseScriptCaches (1ms)
			RebuildScriptCaches (67ms)
			SetupLoadedEditorAssemblies (431ms)
				LogAssemblyErrors (0ms)
				InitializePlatformSupportModulesInManaged (8ms)
				SetLoadedEditorAssemblies (1ms)
				RefreshPlugins (0ms)
				BeforeProcessingInitializeOnLoad (119ms)
				ProcessInitializeOnLoadAttributes (296ms)
				ProcessInitializeOnLoadMethodAttributes (5ms)
				AfterProcessingInitializeOnLoad (1ms)
				EditorAssembliesLoaded (0ms)
			ExecutionOrderSort2 (0ms)
			AwakeInstancesAfterBackupRestoration (10ms)
Platform modules already initialized, skipping
Refreshing native plugins compatible for Editor in 0.30 ms, found 2 plugins.
Preloading 0 native plugins for Editor in 0.00 ms.
Unloading 1525 Unused Serialized files (Serialized files now loaded: 0)
System memory in use before: 166.3 MB.
System memory in use after: 166.4 MB.

Unloading 13 unused Assets to reduce memory usage. Loaded Objects now: 2008.
Total: 3.187029 ms (FindLiveObjects: 0.166775 ms CreateObjectMapping: 0.051515 ms MarkObjects: 2.907311 ms  DeleteObjects: 0.060577 ms)

AssetImportParameters requested are different than current active one (requested -> active):
  custom:video-decoder-ogg-theora: a1e56fd34408186e4bbccfd4996cb3dc -> 
  custom:container-muxer-webm: aa71ff27fc2769a1b78a27578f13a17b -> 
  custom:container-demuxer-webm: 4f35f7cbe854078d1ac9338744f61a02 -> 
  custom:container-demuxer-ogg: 62fdf1f143b41e24485cea50d1cbac27 -> 
  custom:video-encoder-webm-vp8: eb34c28f22e8b96e1ab97ce403110664 -> 
  custom:framework-osx-AVFoundation: e770b220cccbd017edd2c1fefb359320 -> 
  custom:video-decoder-webm-vp8: 9c59270c3fd7afecdb556c50c9e8de78 -> 
  custom:audio-decoder-ogg-vorbis: bf7c407c2cedff20999df2af8eb42d56 -> 
  custom:audio-encoder-webm-vorbis: bf7c407c2cedff20999df2af8eb42d56 -> 
========================================================================
Received Import Request.
  Time since last request: 41.613491 seconds.
  path: Assets/ChoiceButton.prefab
  artifactKey: Guid(837d8a5ca73afc747aeca0872f4fa3b9) Importer(815301076,1909f56bfc062723c751e8b465ee728b)
Start importing Assets/ChoiceButton.prefab using Guid(837d8a5ca73afc747aeca0872f4fa3b9) Importer(815301076,1909f56bfc062723c751e8b465ee728b)  -> (artifact id: '380a447023d206270153340738995b04') in 1.107160 seconds 
  Import took 1.112438 seconds .

========================================================================
Received Import Request.
  Time since last request: 0.004011 seconds.
  path: Assets/Main Camera.prefab
  artifactKey: Guid(f7276166041e6b04a9576e9073e14210) Importer(815301076,1909f56bfc062723c751e8b465ee728b)
Start importing Assets/Main Camera.prefab using Guid(f7276166041e6b04a9576e9073e14210) Importer(815301076,1909f56bfc062723c751e8b465ee728b)  -> (artifact id: '2ff17d8dbcb811b5d11ef9767c16df33') in 0.007184 seconds 
  Import took 0.010054 seconds .

========================================================================
Received Import Request.
  Time since last request: 0.000453 seconds.
  path: Assets/color.mat
  artifactKey: Guid(81638866eb449814498935c2733c7483) Importer(815301076,1909f56bfc062723c751e8b465ee728b)
Start importing Assets/color.mat using Guid(81638866eb449814498935c2733c7483) Importer(815301076,1909f56bfc062723c751e8b465ee728b)  -> (artifact id: '221965a6fa5a6d36ba7abae21cbea88d') in 0.809189 seconds 
  Import took 0.812179 seconds .

========================================================================
Received Import Request.
  Time since last request: 0.003361 seconds.
  path: Assets/fishCollider.blend
  artifactKey: Guid(94c4b09133eedd64ebfea7363590e3bd) Importer(815301076,1909f56bfc062723c751e8b465ee728b)
Start importing Assets/fishCollider.blend using Guid(94c4b09133eedd64ebfea7363590e3bd) Importer(815301076,1909f56bfc062723c751e8b465ee728b)  -> (artifact id: '4e59b4a9cb0495e1b6f95db05bda3a2e') in 0.946337 seconds 
  Import took 0.949778 seconds .

========================================================================
Received Import Request.
  Time since last request: 0.003803 seconds.
  path: Assets/New Terrain.asset
  artifactKey: Guid(013c892c9c7b13a46b9d651c4125295e) Importer(815301076,1909f56bfc062723c751e8b465ee728b)
Start importing Assets/New Terrain.asset using Guid(013c892c9c7b13a46b9d651c4125295e) Importer(815301076,1909f56bfc062723c751e8b465ee728b)  -> (artifact id: '5016e8c3955e589a0f1324b3111bfa1a') in 0.191032 seconds 
  Import took 0.194129 seconds .

========================================================================
Received Import Request.
  Time since last request: 0.002936 seconds.
  path: Assets/water.mat
  artifactKey: Guid(aef08b9bb80f9444dafeed78ea05cbac) Importer(815301076,1909f56bfc062723c751e8b465ee728b)
Start importing Assets/water.mat using Guid(aef08b9bb80f9444dafeed78ea05cbac) Importer(815301076,1909f56bfc062723c751e8b465ee728b)  -> (artifact id: 'dbcb558f6a8b1bd92d7677ffabeb77c1') in 0.617395 seconds 
  Import took 0.620921 seconds .

========================================================================
Received Import Request.
  Time since last request: 0.000269 seconds.
  path: Assets/New Physic Material.physicMaterial
  artifactKey: Guid(4cf918e46798ecc4e8eec317c0ba68ef) Importer(815301076,1909f56bfc062723c751e8b465ee728b)
Start importing Assets/New Physic Material.physicMaterial using Guid(4cf918e46798ecc4e8eec317c0ba68ef) Importer(815301076,1909f56bfc062723c751e8b465ee728b)  -> (artifact id: 'becef0d7e3c71a9c045687dc8b3ba297') in 0.191919 seconds 
  Import took 0.195602 seconds .

========================================================================
Received Import Request.
  Time since last request: 0.004305 seconds.
  path: Assets/Player.prefab
  artifactKey: Guid(b00a4697c009be444b72f49b2f50137d) Importer(815301076,1909f56bfc062723c751e8b465ee728b)
Start importing Assets/Player.prefab using Guid(b00a4697c009be444b72f49b2f50137d) Importer(815301076,1909f56bfc062723c751e8b465ee728b)  -> (artifact id: '669d62784e1644425f4bf978c16a022a') in 0.015990 seconds 
  Import took 0.020493 seconds .

========================================================================
Received Import Request.
  Time since last request: 4.115293 seconds.
  path: Assets/Scenes
  artifactKey: Guid(b6bec1a7a3b4747c09cc4d39feb2c8b2) Importer(815301076,1909f56bfc062723c751e8b465ee728b)
Start importing Assets/Scenes using Guid(b6bec1a7a3b4747c09cc4d39feb2c8b2) Importer(815301076,1909f56bfc062723c751e8b465ee728b)  -> (artifact id: 'a3de4f21959fb00dd1b625c74c0dfeb8') in 0.001411 seconds 
  Import took 0.005923 seconds .

========================================================================
Received Import Request.
  Time since last request: 0.001183 seconds.
  path: Assets/Scenes
  artifactKey: Guid(b6bec1a7a3b4747c09cc4d39feb2c8b2) Importer(815301076,1909f56bfc062723c751e8b465ee728b)
Start importing Assets/Scenes using Guid(b6bec1a7a3b4747c09cc4d39feb2c8b2) Importer(815301076,1909f56bfc062723c751e8b465ee728b)  -> (artifact id: 'a3de4f21959fb00dd1b625c74c0dfeb8') in 0.004374 seconds 
  Import took 0.009897 seconds .

========================================================================
Received Import Request.
  Time since last request: 1.563723 seconds.
  path: Assets/Scenes/fishGame.unity
  artifactKey: Guid(ec595ea37ccd7234bb5efc0bacdee23c) Importer(815301076,1909f56bfc062723c751e8b465ee728b)
Start importing Assets/Scenes/fishGame.unity using Guid(ec595ea37ccd7234bb5efc0bacdee23c) Importer(815301076,1909f56bfc062723c751e8b465ee728b)  -> (artifact id: 'fa30decc9aac5f45879557220f2f351d') in 0.001660 seconds 
  Import took 0.005073 seconds .

========================================================================
Received Import Request.
  Time since last request: 0.002091 seconds.
  path: Assets/Scenes/fishGame.unity
  artifactKey: Guid(ec595ea37ccd7234bb5efc0bacdee23c) Importer(815301076,1909f56bfc062723c751e8b465ee728b)
Start importing Assets/Scenes/fishGame.unity using Guid(ec595ea37ccd7234bb5efc0bacdee23c) Importer(815301076,1909f56bfc062723c751e8b465ee728b)  -> (artifact id: 'fa30decc9aac5f45879557220f2f351d') in 0.002147 seconds 
  Import took 0.010286 seconds .

AssetImportWorkerClient::OnTransportError - code=2 error=End of file
